<?xml version="1.0" encoding="UTF-8"?>
<!-- Generated by org.testng.reporters.JUnitXMLReporter -->
<testsuite ignored="0" hostname="REDDIPRASAD" failures="1" tests="8" name="Regression" time="0.163" errors="0" timestamp="2023-10-06T05:41:55 IST">
  <testcase classname="test.FrameworkDemo4" name="apiLogin" time="0.024"/>
  <testcase classname="test.FrameworkDemo4" name="mobileLoginCarLoan" time="0.005"/>
  <testcase classname="test.FrameworkDemo4" name="mobileLoginCarLoan" time="0.005"/>
  <testcase classname="test.FrameworkDemo3" name="apiLogin" time="0.058">
    <failure type="java.lang.AssertionError" message="expected [true] but found [false]">
      <![CDATA[java.lang.AssertionError: expected [true] but found [false]
at test.FrameworkDemo3.apiLogin(FrameworkDemo3.java:34)
at java.base/java.util.concurrent.ThreadPoolExecutor.runWorker(ThreadPoolExecutor.java:1136)
at java.base/java.util.concurrent.ThreadPoolExecutor$Worker.run(ThreadPoolExecutor.java:635)
at java.base/java.lang.Thread.run(Thread.java:833)
... Removed 16 stack frames]]>
    </failure>
  </testcase> <!-- apiLogin -->
  <testcase classname="test.FrameworkDemo3" name="mobileLogin" time="0.001"/>
  <testcase classname="test.FrameworkDemo3" name="webLogin" time="0.002"/>
  <testcase classname="test.FrameworkDemo4" name="mobileLoginCarLoan" time="0.002"/>
  <testcase classname="test.FrameworkDemo4" name="webLoginHomeLoan" time="0.001"/>
</testsuite> <!-- Regression -->
