<?xml version="1.0" encoding="UTF-8"?>
<testng-results ignored="0" total="1" passed="0" failed="1" skipped="0">
  <reporter-output>
  </reporter-output>
  <suite started-at="2024-01-02T03:26:34 IST" name="Default suite" finished-at="2024-01-02T03:26:46 IST" duration-ms="12498">
    <groups>
      <group name="cucumber">
        <method signature="AbstractTestNGCucumberTests.runScenario(io.cucumber.testng.PickleWrapper,io.cucumber.testng.FeatureWrapper)[pri:0, instance:cucumberoptions.FailedTestRunner@710c2b53]" name="runScenario" class="io.cucumber.testng.AbstractTestNGCucumberTests"/>
      </group> <!-- cucumber -->
    </groups>
    <test started-at="2024-01-02T03:26:34 IST" name="Default test" finished-at="2024-01-02T03:26:46 IST" duration-ms="12498">
      <class name="cucumberoptions.FailedTestRunner">
        <test-method is-config="true" signature="setUpClass(org.testng.ITestContext)[pri:0, instance:cucumberoptions.FailedTestRunner@710c2b53]" started-at="2024-01-02T03:26:34 IST" name="setUpClass" finished-at="2024-01-02T03:26:35 IST" duration-ms="835" status="PASS">
          <params>
            <param index="0">
              <value>
                <![CDATA[org.testng.TestRunner@54bca971]]>
              </value>
            </param>
          </params>
          <reporter-output>
          </reporter-output>
        </test-method> <!-- setUpClass -->
        <test-method signature="runScenario(io.cucumber.testng.PickleWrapper,io.cucumber.testng.FeatureWrapper)[pri:0, instance:cucumberoptions.FailedTestRunner@710c2b53]" started-at="2024-01-02T03:26:35 IST" name="runScenario" description="Runs Cucumber Scenarios" data-provider="scenarios" finished-at="2024-01-02T03:26:46 IST" duration-ms="11248" status="FAIL">
          <params>
            <param index="0">
              <value>
                <![CDATA["serach experience for product search in both home and offers page."]]>
              </value>
            </param>
            <param index="1">
              <value>
                <![CDATA["search and place the order for products"]]>
              </value>
            </param>
          </params>
          <exception class="java.lang.AssertionError">
            <message>
              <![CDATA[expected [Beetroot] but found [No data]]]>
            </message>
            <full-stacktrace>
              <![CDATA[java.lang.AssertionError: expected [Beetroot] but found [No data]
at org.testng.Assert.fail(Assert.java:111)
at org.testng.Assert.failNotEquals(Assert.java:1578)
at org.testng.Assert.assertEqualsImpl(Assert.java:150)
at org.testng.Assert.assertEquals(Assert.java:132)
at org.testng.Assert.assertEquals(Assert.java:656)
at org.testng.Assert.assertEquals(Assert.java:666)
at stepdefinitions.OfferPageStepDefinition.validate_productname_in_offerspage_with_homepage_productname(OfferPageStepDefinition.java:52)
at âœ½.validate productname in offerspage with homepage productname(file:///C:/Users/vredd/eclipse-workspace/cucumberframework/src/test/java/features/searchproduct.feature:7)
]]>
            </full-stacktrace>
          </exception> <!-- java.lang.AssertionError -->
          <reporter-output>
          </reporter-output>
        </test-method> <!-- runScenario -->
        <test-method is-config="true" signature="tearDownClass()[pri:0, instance:cucumberoptions.FailedTestRunner@710c2b53]" started-at="2024-01-02T03:26:46 IST" name="tearDownClass" finished-at="2024-01-02T03:26:46 IST" duration-ms="369" status="PASS">
          <reporter-output>
          </reporter-output>
        </test-method> <!-- tearDownClass -->
      </class> <!-- cucumberoptions.FailedTestRunner -->
    </test> <!-- Default test -->
  </suite> <!-- Default suite -->
</testng-results>
